DATA
asdsasad
0
DATA
aggreement_report.html
aggreement_report.html
aggreement_report.html
report.html
DATA
asdsasad
0
finishing_report.html
get_product_acc_cost
0
DATA
asdsasad
0
get_product_acc_cost
0
DATA
asdsasad
0
get_product_acc_cost
0
DATA
asdsasad
0
get_product_acc_cost
0
get_product_acc_cost
0
ID REPORT
DATA
VALIDATION TrueTrue True True True



{'point': 0.0, 'weight': 0.0, 'wear': 0.0, 'accept_wear': 0.0}
get_total_report_price
TOTAL SUM
0
get_product_acc_cost
0.0
0.0
0
get_product_acc_cost
0.0
0
get_product_acc_cost
0.0
PRODUCT_COST
0
get_product_acc_cost
0.0
ID REPORT
DATA
VALIDATION TrueTrue True True True



{'point': 0.0, 'weight': 0.0, 'wear': 0.0, 'accept_wear': 0.0}
get_total_report_price
TOTAL SUM
0
get_product_acc_cost
0.0
0.0
0
get_product_acc_cost
0.0
0
get_product_acc_cost
0.0
PRODUCT_COST
0
DATA
asdsasad
0
ID REPORT
DATA
VALIDATION TrueTrue True True True



{'point': 0.0, 'weight': 0.0, 'wear': 0.0, 'accept_wear': 0.0}
get_total_report_price
TOTAL SUM
0
get_product_acc_cost
0.0
0.0
0
get_product_acc_cost
0.0
0
get_product_acc_cost
0.0
PRODUCT_COST
0
ID REPORT
DATA
VALIDATION TrueTrue True True True



{'point': 0.0, 'weight': 0.0, 'wear': 0.0, 'accept_wear': 0.0}
get_total_report_price
TOTAL SUM
0
get_product_acc_cost
0.0
0.0
0
get_product_acc_cost
0.0
0
get_product_acc_cost
0.0
PRODUCT_COST
0
DATA
get_product_acc_cost
0.0
get_product_acc_cost
0.0
ID REPORT
DATA
VALIDATION TrueTrue True True True






{'point': 0, 'weight': 0, 'wear': 0, 'accept_wear': 0}
get_total_report_price
TOTAL SUM
0
get_product_acc_cost
0
0.0
0
get_product_acc_cost
0
0
get_product_acc_cost
0
PRODUCT_COST
0
get_product_acc_cost
0
DATA
asdsasad
0
ID REPORT
DATA
VALIDATION TrueTrue True True True



{'point': 0.0, 'weight': 0.0, 'wear': 0.0, 'accept_wear': 0.0}
get_total_report_price
TOTAL SUM
0
get_product_acc_cost
0.0
0.0
0
get_product_acc_cost
0.0
0
get_product_acc_cost
0.0
PRODUCT_COST
0
get_product_acc_cost
0.0
get_product_acc_cost
0.0
ID REPORT
DATA
VALIDATION TrueTrue True True True



{'point': 0.0, 'weight': 0.0, 'wear': 0.0, 'accept_wear': 0.0}
get_total_report_price
TOTAL SUM
0
get_product_acc_cost
0.0
0.0
0
get_product_acc_cost
0.0
0
get_product_acc_cost
0.0
PRODUCT_COST
0
ID REPORT
DATA
VALIDATION TrueTrue True True True



{'point': 0.0, 'weight': 0.0, 'wear': 0.0, 'accept_wear': 0.0}
get_total_report_price
TOTAL SUM
0
get_product_acc_cost
0.0
0.0
0
get_product_acc_cost
0.0
0
get_product_acc_cost
0.0
PRODUCT_COST
0
ID REPORT
DATA
VALIDATION TrueTrue True True True






{'point': 0, 'weight': 0, 'wear': 0, 'accept_wear': 0}
get_total_report_price
TOTAL SUM
0
get_product_acc_cost
0
0.0
0
get_product_acc_cost
0
0
get_product_acc_cost
0
PRODUCT_COST
0
ID REPORT
DATA
VALIDATION TrueTrue True True True






{'point': 0, 'weight': 0, 'wear': 0, 'accept_wear': 0}
get_total_report_price
TOTAL SUM
0
get_product_acc_cost
0
0.0
0
get_product_acc_cost
0
0
get_product_acc_cost
0
PRODUCT_COST
0
DATA
asdsasad
0
DATA
ID REPORT
DATA
VALIDATION TrueTrue True True True






{'point': 0, 'weight': 0, 'wear': 0, 'accept_wear': 0}
get_total_report_price
TOTAL SUM
0
get_product_acc_cost
0
0.0
0
get_product_acc_cost
0
0
get_product_acc_cost
0
PRODUCT_COST
0
ID REPORT
DATA
VALIDATION TrueTrue True True True






{'point': 0, 'weight': 0, 'wear': 0, 'accept_wear': 0}
get_total_report_price
TOTAL SUM
0
get_product_acc_cost
0
0.0
0
get_product_acc_cost
0
0
get_product_acc_cost
0
PRODUCT_COST
0
ID REPORT
DATA
VALIDATION TrueTrue True True True






{'point': 0, 'weight': 0, 'wear': 0, 'accept_wear': 0}
get_total_report_price
TOTAL SUM
0
get_product_acc_cost
0
0.0
0
get_product_acc_cost
0
0
get_product_acc_cost
0
PRODUCT_COST
0
ID REPORT
DATA
VALIDATION TrueTrue True True True






{'point': 0, 'weight': 0, 'wear': 0, 'accept_wear': 0}
get_total_report_price
TOTAL SUM
0
get_product_acc_cost
0
0.0
0
get_product_acc_cost
0
0
get_product_acc_cost
0
PRODUCT_COST
0
ID REPORT
DATA
VALIDATION TrueTrue True True True



{'point': 0.0, 'weight': 0.0, 'wear': 0.0, 'accept_wear': 0.0}
get_total_report_price
TOTAL SUM
0
get_product_acc_cost
0.0
0.0
0
get_product_acc_cost
0.0
0
get_product_acc_cost
0.0
PRODUCT_COST
0
ID REPORT
DATA
VALIDATION TrueTrue True True True






{'point': 0, 'weight': 0, 'wear': 0, 'accept_wear': 0}
get_total_report_price
TOTAL SUM
0
get_product_acc_cost
0
0.0
0
get_product_acc_cost
0
0
get_product_acc_cost
0
PRODUCT_COST
0
ID REPORT
DATA
VALIDATION TrueTrue True True True






{'point': 0, 'weight': 0, 'wear': 0, 'accept_wear': 0}
get_total_report_price
TOTAL SUM
0
get_product_acc_cost
0
0.0
0
get_product_acc_cost
0
0
get_product_acc_cost
0
PRODUCT_COST
0
DATA
asdsasad
0
DATA
asdsasad
0
DATA
ID REPORT
DATA
VALIDATION TrueTrue True True True



{'point': 0.0, 'weight': 0.0, 'wear': 0.0, 'accept_wear': 0.0}
get_total_report_price
TOTAL SUM
0
get_product_acc_cost
0.0
0.0
0
get_product_acc_cost
0.0
0
get_product_acc_cost
0.0
PRODUCT_COST
0
ID REPORT
DATA
VALIDATION TrueTrue True True True






{'point': 0, 'weight': 0, 'wear': 0, 'accept_wear': 0}
get_total_report_price
TOTAL SUM
0
get_product_acc_cost
0
0.0
0
get_product_acc_cost
0
0
get_product_acc_cost
0
PRODUCT_COST
0
DATA
asdsasad
0
ID REPORT
DATA
VALIDATION TrueTrue True True True



{'point': 0.0, 'weight': 0.0, 'wear': 0.0, 'accept_wear': 0.0}
get_total_report_price
TOTAL SUM
0
get_product_acc_cost
0.0
0.0
0
get_product_acc_cost
0.0
0
get_product_acc_cost
0.0
PRODUCT_COST
0
ID REPORT
DATA
VALIDATION TrueTrue True True True



{'point': 0.0, 'weight': 0.0, 'wear': 0.0, 'accept_wear': 0.0}
get_total_report_price
TOTAL SUM
0
get_product_acc_cost
0.0
0.0
0
get_product_acc_cost
0.0
0
get_product_acc_cost
0.0
PRODUCT_COST
0
ID REPORT
DATA
VALIDATION TrueTrue True True True



{'point': 0.0, 'weight': 0.0, 'wear': 0.0, 'accept_wear': 0.0}
get_total_report_price
TOTAL SUM
0
get_product_acc_cost
0.0
0.0
0
get_product_acc_cost
0.0
0
get_product_acc_cost
0.0
PRODUCT_COST
0
ID REPORT
DATA
VALIDATION TrueTrue True True True



{'point': 0.0, 'weight': 0.0, 'wear': 0.0, 'accept_wear': 0.0}
get_total_report_price
TOTAL SUM
0
get_product_acc_cost
0.0
0.0
0
get_product_acc_cost
0.0
0
get_product_acc_cost
0.0
PRODUCT_COST
0
ID REPORT
DATA
VALIDATION TrueTrue True True True



{'point': 0.0, 'weight': 0.0, 'wear': 0.0, 'accept_wear': 0.0}
get_total_report_price
TOTAL SUM
0
get_product_acc_cost
0.0
0.0
0
get_product_acc_cost
0.0
0
get_product_acc_cost
0.0
PRODUCT_COST
0
ID REPORT
DATA
VALIDATION TrueTrue True True True



{'point': 0.0, 'weight': 0.0, 'wear': 0.0, 'accept_wear': 0.0}
get_total_report_price
TOTAL SUM
0
get_product_acc_cost
0.0
0.0
0
get_product_acc_cost
0.0
0
get_product_acc_cost
0.0
PRODUCT_COST
0
ID REPORT
DATA
VALIDATION TrueTrue True True True



{'point': 0.0, 'weight': 0.0, 'wear': 0.0, 'accept_wear': 0.0}
get_total_report_price
TOTAL SUM
0
get_product_acc_cost
0.0
0.0
0
get_product_acc_cost
0.0
0
get_product_acc_cost
0.0
PRODUCT_COST
0
DATA
ID REPORT
DATA
VALIDATION TrueTrue True True True






{'point': 0, 'weight': 0, 'wear': 0, 'accept_wear': 0}
get_total_report_price
TOTAL SUM
0
get_product_acc_cost
0
0.0
0
get_product_acc_cost
0
0
get_product_acc_cost
0
PRODUCT_COST
0
ID REPORT
DATA
VALIDATION TrueTrue True True True



{'point': 0.0, 'weight': 0.0, 'wear': 0.0, 'accept_wear': 0.0}
get_total_report_price
TOTAL SUM
0
get_product_acc_cost
0.0
0.0
0
get_product_acc_cost
0.0
0
get_product_acc_cost
0.0
PRODUCT_COST
0
ID REPORT
DATA
VALIDATION TrueTrue True True True



{'point': 0.0, 'weight': 0.0, 'wear': 0.0, 'accept_wear': 0.0}
get_total_report_price
TOTAL SUM
0
get_product_acc_cost
0.0
0.0
0
get_product_acc_cost
0.0
0
get_product_acc_cost
0.0
PRODUCT_COST
0
ID REPORT
DATA
VALIDATION TrueTrue True True True



{'point': 0.0, 'weight': 0.0, 'wear': 0.0, 'accept_wear': 0.0}
get_total_report_price
TOTAL SUM
0
get_product_acc_cost
0.0
0.0
0
get_product_acc_cost
0.0
0
get_product_acc_cost
0.0
PRODUCT_COST
0
DATA
asdsasad
0
https://e-otsenka.uz/media/AAB_dsJDAlr_SgNnASD.png
https://e-otsenka.uz/media/bmp.bmp
get_product_acc_cost
0.0
get_product_acc_cost
0.0
DATA
asdsasad
0
DATA
asdsasad
0
https://e-otsenka.uz/media/u1910251_que3.jpg
DATA
asdsasad
0
ID REPORT
DATA
VALIDATION TrueTrue True True True



{'point': 0.0, 'weight': 0.0, 'wear': 0.0, 'accept_wear': 0.0}
get_total_report_price
TOTAL SUM
0
get_product_acc_cost
0.0
0.0
0
get_product_acc_cost
0.0
0
get_product_acc_cost
0.0
PRODUCT_COST
0
get_product_acc_cost
0
get_product_acc_cost
0
get_product_acc_cost
0.0
get_product_acc_cost
0.0
get_product_acc_cost
0.0
get_product_acc_cost
0.0
get_product_acc_cost
0.0
get_product_acc_cost
0.0
get_product_acc_cost
0.0
get_product_acc_cost
0.0
https://e-otsenka.uz/media/AAB_dsJDAlr_VjZGZPX_vaArQav.png
https://e-otsenka.uz/media/image_picker838070815285481295.jpg
ID REPORT
DATA
VALIDATION TrueTrue True True True



{'point': 0.0, 'weight': 0.0, 'wear': 0.0, 'accept_wear': 0.0}
get_total_report_price
TOTAL SUM
0
get_product_acc_cost
0.0
0.0
0
get_product_acc_cost
0.0
0
get_product_acc_cost
0.0
PRODUCT_COST
0
get_product_acc_cost
0.0
get_product_acc_cost
0.0
https://e-otsenka.uz/media/AAB_dsJDAlr_VjZGZPX.png
get_product_acc_cost
0.0
get_product_acc_cost
0.0
get_product_acc_cost
0.0
get_product_acc_cost
0.0
https://e-otsenka.uz/media/AAB_dsJDAlr_VjZGZPX_vaArQav_MV0TQha.png
DATA
asdsasad
0
https://e-otsenka.uz/media/business-and-trade_1_1_UniwzYW.png
get_product_acc_cost
0.0
get_product_acc_cost
0.0
https://e-otsenka.uz/media/Picture3_LhUyFUO.png
https://e-otsenka.uz/media/AAB_dsJDAlr_VjZGZPX.png
ID REPORT
DATA
VALIDATION TrueTrue True True True



{'point': 0.0, 'weight': 0.0, 'wear': 0.0, 'accept_wear': 0.0}
get_total_report_price
TOTAL SUM
0
get_product_acc_cost
0.0
0.0
0
get_product_acc_cost
0.0
0
get_product_acc_cost
0.0
PRODUCT_COST
0
get_product_acc_cost
0.0
get_product_acc_cost
0.0
https://e-otsenka.uz/media/business-and-trade_1_1_vTdeWmm.png
https://e-otsenka.uz/media/AAB_dsJDAlr_SgNnASD.png
get_product_acc_cost
0.0
get_product_acc_cost
0.0
https://e-otsenka.uz/media/business-and-trade_1__1_.png
get_product_acc_cost
0.0
get_product_acc_cost
0.0
https://e-otsenka.uz/media/business-and-trade_1__1__AaWpM5E.png
get_product_acc_cost
0.0
get_product_acc_cost
0.0
http://192.168.1.3/media/AAB_dsJDAlr_SgNnASD_PNoLvzY.png
<QuerySet [<Images: Images object (1)>, <Images: Images object (2)>, <Images: Images object (3)>]>
get_product_acc_cost
0.0
get_product_acc_cost
0.0
DATA
asdsasad
0
http://192.168.1.3/media/AAB_dsJDAlr_VjZGZPX_yQe9N3e.png
ID REPORT
DATA
VALIDATION TrueTrue True True True



{'point': 0.0, 'weight': 0.0, 'wear': 0.0, 'accept_wear': 0.0}
get_total_report_price
TOTAL SUM
0
get_product_acc_cost
0.0
0.0
0
get_product_acc_cost
0.0
0
get_product_acc_cost
0.0
PRODUCT_COST
0
http://192.168.1.3/media/AAB_dsJDAlr_SgNnASD_Zx6C5oq.png
DATA
asdsasad
0
ID REPORT
DATA
VALIDATION TrueTrue True True True



{'point': 0.0, 'weight': 0.0, 'wear': 0.0, 'accept_wear': 0.0}
get_total_report_price
TOTAL SUM
0
get_product_acc_cost
0.0
0.0
0
get_product_acc_cost
0.0
0
get_product_acc_cost
0.0
PRODUCT_COST
0
ID REPORT
DATA
VALIDATION TrueTrue True True True



{'point': 0.0, 'weight': 0.0, 'wear': 0.0, 'accept_wear': 0.0}
get_total_report_price
TOTAL SUM
0
get_product_acc_cost
0.0
0.0
0
get_product_acc_cost
0.0
0
get_product_acc_cost
0.0
PRODUCT_COST
0
<QuerySet []>
get_product_acc_cost
0.0
get_product_acc_cost
0.0
<QuerySet []>
get_product_acc_cost
0.0
get_product_acc_cost
0.0
DATA
asdsasad
0
<QuerySet [<Images: Images object (2)>, <Images: Images object (3)>, <Images: Images object (4)>, <Images: Images object (5)>, <Images: Images object (6)>]>
get_product_acc_cost
0.0
get_product_acc_cost
0.0
ID REPORT
DATA
VALIDATION TrueTrue True True True



{'point': 0.0, 'weight': 0.0, 'wear': 0.0, 'accept_wear': 0.0}
get_total_report_price
TOTAL SUM
0
get_product_acc_cost
0.0
0.0
0
get_product_acc_cost
0.0
0
get_product_acc_cost
0.0
PRODUCT_COST
0
DATA
asdsasad
0
DATA
asdsasad
0
DATA
asdsasad
0
DATA
asdsasad
0
DATA
DATA
asdsasad
0
DATA
asdsasad
0
REPORT ID : 
PKCS7 : 
<?xml version="1.0" ?><S:Envelope xmlns:S="http://schemas.xmlsoap.org/soap/envelope/"><S:Body><ns2:verifyPkcs7Response xmlns:ns2="http://v1.pkcs7.plugin.server.dsv.eimzo.yt.uz/"><return>{
  "pkcs7Info": {
    "signers": [
      {
        "signerId": {
          "issuer": "CN=NASRULLOYEV HAYOTJON XABIBULLOYEVICH,T=Директор,O=DUK YANGI TEXNOLOGIYALAR ILMIY-AXBOROT MARKAZI,OU=ЭРИ яратиш ва реестрни юритиш,L=100115 Тошкент ш. Чилонзор тумани Муқимий кўчаси 166-уй,E=info@yt.uz,C=UZ",
          "subjectSerialNumber": "778137f9"
        },
        "signingTime": "2021.07.27 16:58:15",
        "signature": "1c248df9eb464235c6da95ea1bcb6cb711f39a03cc1d6d43b18061c056073641a3903418b153638cc7593f45d60c255cd0628265070ac9d2472f49c1744958d6",
        "digest": "869c950978b416cb14b0d3a8efe3d52a1547d1f04c86cdebc6b044170404bb08",
        "certificate": [
          {
            "serialNumber": "778137f9",
            "subjectName": "CN=IKROMXO‘JAYEV MURODXO‘JA AXMET-O‘G‘LI,Name=MURODXO‘JA,SURNAME=IKROMXO‘JAYEV,L=ЮНУСАБАДСКИЙ РАЙОН,ST=ГОРОД ТАШКЕНТ,C=UZ,UID=543135673,1.2.860.3.16.1.2=31401966520023",
            "validFrom": "2020.09.14 18:27:21",
            "validTo": "2022.09.15 00:59:59",
            "issuerName": "CN=NASRULLOYEV HAYOTJON XABIBULLOYEVICH,T=Директор,O=DUK YANGI TEXNOLOGIYALAR ILMIY-AXBOROT MARKAZI,OU=ЭРИ яратиш ва реестрни юритиш,L=100115 Тошкент ш. Чилонзор тумани Муқимий кўчаси 166-уй,E=info@yt.uz,C=UZ",
            "publicKey": {
              "keyAlgName": "OZDST-1092-2009-2",
              "publicKey": "MGAwGQYJKoZcAw8BAQIBMAwGCiqGXAMPAQECAQEDQwAEQKmw1wAMqwoLAnSbN3vSqZjh5C2gmld+o3D4+j+2J8peP7eBC18HWtEdyBAHP9+nU/xES8HMloojzozIDO9ETbM="
            },
            "signature": {
              "signAlgName": "OZDST-1106-2009-2-AwithOZDST-1092-2009-2",
              "signature": "36f9d10719bd3fbe865e734ee443ab083aecae3402aad6e0f3994729ece5d098008048ea9cb6ce4888476e6a7283b0b2666b9279eb8706af98ee112ba64bdda7"
            }
          },
          {
            "serialNumber": "258da73feee7a6b",
            "subjectName": "CN=NASRULLOYEV HAYOTJON XABIBULLOYEVICH,T=Директор,O=DUK YANGI TEXNOLOGIYALAR ILMIY-AXBOROT MARKAZI,OU=ЭРИ яратиш ва реестрни юритиш,L=100115 Тошкент ш. Чилонзор тумани Муқимий кўчаси 166-уй,E=info@yt.uz,C=UZ",
            "validFrom": "2020.05.27 10:00:00",
            "validTo": "2025.05.27 10:00:00",
            "issuerName": "C=UZ,OU=ERI kalitlarini ro‘yxatga olish organi (O‘ZDST 1092-2009-II),O=AT va kommunikatsiyalarini rivojlantirish vazirligi,CN=mitc.uz",
            "publicKey": {
              "keyAlgName": "OZDST-1092-2009-2",
              "publicKey": "MGAwGQYJKoZcAw8BAQIBMAwGCiqGXAMPAQECAQEDQwAEQHHkDinCquRK5NrYapbR3DSpE7+qqVJ7qDXM/dIApIgO+Yt750+46O1dwz1chTkZc7/ZezmxdtNNIJ2qwefbXr0="
            },
            "signature": {
              "signAlgName": "OZDST-1106-2009-2-AwithOZDST-1092-2009-2",
              "signature": "18a97f90bd924fe24d143fa94c6ff9efde1eded14abec7e179dfefeaf3243facca99b87371b70da784e9896a04471807db99af0be7c1cc0904aa61d6ca259f55"
            }
          }
        ],
        "verified": false,
        "certificateVerified": true,
        "trustedCertificate": {
          "serialNumber": "29ce182249b2d8e5207deb74086b4d6",
          "subjectName": "C=UZ,OU=ERI kalitlarini ro‘yxatga olish organi (O‘ZDST 1092-2009-II),O=AT va kommunikatsiyalarini rivojlantirish vazirligi,CN=mitc.uz",
          "validFrom": "2020.03.25 18:30:02",
          "validTo": "2035.03.25 18:30:02",
          "issuerName": "C=UZ,OU=ERI kalitlarini ro‘yxatga olish organi (O‘ZDST 1092-2009-II),O=AT va kommunikatsiyalarini rivojlantirish vazirligi,CN=mitc.uz",
          "publicKey": {
            "keyAlgName": "OZDST-1092-2009-2",
            "publicKey": "MGAwGQYJKoZcAw8BAQIBMAwGCiqGXAMPAQECAQEDQwAEQI+aPvRfngcv+/Nk1U+bIh/Yn2sxZqViQO47BFq6HQhtrco4AQA32fh+g8Y65J3ZtKRXRDy+0ax1kaRoEPpLREQ="
          },
          "signature": {
            "signAlgName": "OZDST-1106-2009-2-AwithOZDST-1092-2009-2",
            "signature": "c1d2749535f70d2381e256431c1a3eee3e1d98160674a3d9c54cb7919297555c8649facd9ab8de0eebcfbfe5eb83fee778570e84a86e9786a71c824bdbc0918d"
          }
        },
        "certificateValidAtSigningTime": false,
        "exception": "ConnectionException: java.io.IOException: Server returned HTTP response code: 403 for URL: http://e-imzo.uz/cams/ocsp"
      }
    ]
  },
  "success": true
}</return></ns2:verifyPkcs7Response></S:Body></S:Envelope>
{
  "pkcs7Info": {
    "signers": [
      {
        "signerId": {
          "issuer": "CN=NASRULLOYEV HAYOTJON XABIBULLOYEVICH,T=Директор,O=DUK YANGI TEXNOLOGIYALAR ILMIY-AXBOROT MARKAZI,OU=ЭРИ яратиш ва реестрни юритиш,L=100115 Тошкент ш. Чилонзор тумани Муқимий кўчаси 166-уй,E=info@yt.uz,C=UZ",
          "subjectSerialNumber": "778137f9"
        },
        "signingTime": "2021.07.27 16:58:15",
        "signature": "1c248df9eb464235c6da95ea1bcb6cb711f39a03cc1d6d43b18061c056073641a3903418b153638cc7593f45d60c255cd0628265070ac9d2472f49c1744958d6",
        "digest": "869c950978b416cb14b0d3a8efe3d52a1547d1f04c86cdebc6b044170404bb08",
        "certificate": [
          {
            "serialNumber": "778137f9",
            "subjectName": "CN=IKROMXO‘JAYEV MURODXO‘JA AXMET-O‘G‘LI,Name=MURODXO‘JA,SURNAME=IKROMXO‘JAYEV,L=ЮНУСАБАДСКИЙ РАЙОН,ST=ГОРОД ТАШКЕНТ,C=UZ,UID=543135673,1.2.860.3.16.1.2=31401966520023",
            "validFrom": "2020.09.14 18:27:21",
            "validTo": "2022.09.15 00:59:59",
            "issuerName": "CN=NASRULLOYEV HAYOTJON XABIBULLOYEVICH,T=Директор,O=DUK YANGI TEXNOLOGIYALAR ILMIY-AXBOROT MARKAZI,OU=ЭРИ яратиш ва реестрни юритиш,L=100115 Тошкент ш. Чилонзор тумани Муқимий кўчаси 166-уй,E=info@yt.uz,C=UZ",
            "publicKey": {
              "keyAlgName": "OZDST-1092-2009-2",
              "publicKey": "MGAwGQYJKoZcAw8BAQIBMAwGCiqGXAMPAQECAQEDQwAEQKmw1wAMqwoLAnSbN3vSqZjh5C2gmld+o3D4+j+2J8peP7eBC18HWtEdyBAHP9+nU/xES8HMloojzozIDO9ETbM="
            },
            "signature": {
              "signAlgName": "OZDST-1106-2009-2-AwithOZDST-1092-2009-2",
              "signature": "36f9d10719bd3fbe865e734ee443ab083aecae3402aad6e0f3994729ece5d098008048ea9cb6ce4888476e6a7283b0b2666b9279eb8706af98ee112ba64bdda7"
            }
          },
          {
            "serialNumber": "258da73feee7a6b",
            "subjectName": "CN=NASRULLOYEV HAYOTJON XABIBULLOYEVICH,T=Директор,O=DUK YANGI TEXNOLOGIYALAR ILMIY-AXBOROT MARKAZI,OU=ЭРИ яратиш ва реестрни юритиш,L=100115 Тошкент ш. Чилонзор тумани Муқимий кўчаси 166-уй,E=info@yt.uz,C=UZ",
            "validFrom": "2020.05.27 10:00:00",
            "validTo": "2025.05.27 10:00:00",
            "issuerName": "C=UZ,OU=ERI kalitlarini ro‘yxatga olish organi (O‘ZDST 1092-2009-II),O=AT va kommunikatsiyalarini rivojlantirish vazirligi,CN=mitc.uz",
            "publicKey": {
              "keyAlgName": "OZDST-1092-2009-2",
              "publicKey": "MGAwGQYJKoZcAw8BAQIBMAwGCiqGXAMPAQECAQEDQwAEQHHkDinCquRK5NrYapbR3DSpE7+qqVJ7qDXM/dIApIgO+Yt750+46O1dwz1chTkZc7/ZezmxdtNNIJ2qwefbXr0="
            },
            "signature": {
              "signAlgName": "OZDST-1106-2009-2-AwithOZDST-1092-2009-2",
              "signature": "18a97f90bd924fe24d143fa94c6ff9efde1eded14abec7e179dfefeaf3243facca99b87371b70da784e9896a04471807db99af0be7c1cc0904aa61d6ca259f55"
            }
          }
        ],
        "verified": false,
        "certificateVerified": true,
        "trustedCertificate": {
          "serialNumber": "29ce182249b2d8e5207deb74086b4d6",
          "subjectName": "C=UZ,OU=ERI kalitlarini ro‘yxatga olish organi (O‘ZDST 1092-2009-II),O=AT va kommunikatsiyalarini rivojlantirish vazirligi,CN=mitc.uz",
          "validFrom": "2020.03.25 18:30:02",
          "validTo": "2035.03.25 18:30:02",
          "issuerName": "C=UZ,OU=ERI kalitlarini ro‘yxatga olish organi (O‘ZDST 1092-2009-II),O=AT va kommunikatsiyalarini rivojlantirish vazirligi,CN=mitc.uz",
          "publicKey": {
            "keyAlgName": "OZDST-1092-2009-2",
            "publicKey": "MGAwGQYJKoZcAw8BAQIBMAwGCiqGXAMPAQECAQEDQwAEQI+aPvRfngcv+/Nk1U+bIh/Yn2sxZqViQO47BFq6HQhtrco4AQA32fh+g8Y65J3ZtKRXRDy+0ax1kaRoEPpLREQ="
          },
          "signature": {
            "signAlgName": "OZDST-1106-2009-2-AwithOZDST-1092-2009-2",
            "signature": "c1d2749535f70d2381e256431c1a3eee3e1d98160674a3d9c54cb7919297555c8649facd9ab8de0eebcfbfe5eb83fee778570e84a86e9786a71c824bdbc0918d"
          }
        },
        "certificateValidAtSigningTime": false,
        "exception": "ConnectionException: java.io.IOException: Server returned HTTP response code: 403 for URL: http://e-imzo.uz/cams/ocsp"
      }
    ]
  },
  "success": true
}
ID REPORT
DATA
VALIDATION TrueTrue True True True



{'point': 0.0, 'weight': 0.0, 'wear': 0.0, 'accept_wear': 0.0}
get_product_acc_cost
0.0
ID REPORT
DATA
VALIDATION TrueTrue True True True



{'point': 0.0, 'weight': 0.0, 'wear': 0.0, 'accept_wear': 0.0}
get_product_acc_cost
0.0
ID REPORT
DATA
VALIDATION TrueTrue True True True



{'point': 0.0, 'weight': 0.0, 'wear': 0.0, 'accept_wear': 0.0}
get_product_acc_cost
0.0
{'pkcs7Info': {'signers': [{'signerId': {'issuer': 'CN=NASRULLOYEV HAYOTJON XABIBULLOYEVICH,T=Директор,O=DUK YANGI TEXNOLOGIYALAR ILMIY-AXBOROT MARKAZI,OU=ЭРИ яратиш ва реестрни юритиш,L=100115 Тошкент ш. Чилонзор тумани Муқимий кўчаси 166-уй,E=info@yt.uz,C=UZ', 'subjectSerialNumber': '778137f9'}, 'signingTime': '2021.07.27 16:58:15', 'signature': '1c248df9eb464235c6da95ea1bcb6cb711f39a03cc1d6d43b18061c056073641a3903418b153638cc7593f45d60c255cd0628265070ac9d2472f49c1744958d6', 'digest': '869c950978b416cb14b0d3a8efe3d52a1547d1f04c86cdebc6b044170404bb08', 'certificate': [{'serialNumber': '778137f9', 'subjectName': 'CN=IKROMXO‘JAYEV MURODXO‘JA AXMET-O‘G‘LI,Name=MURODXO‘JA,SURNAME=IKROMXO‘JAYEV,L=ЮНУСАБАДСКИЙ РАЙОН,ST=ГОРОД ТАШКЕНТ,C=UZ,UID=543135673,1.2.860.3.16.1.2=31401966520023', 'validFrom': '2020.09.14 18:27:21', 'validTo': '2022.09.15 00:59:59', 'issuerName': 'CN=NASRULLOYEV HAYOTJON XABIBULLOYEVICH,T=Директор,O=DUK YANGI TEXNOLOGIYALAR ILMIY-AXBOROT MARKAZI,OU=ЭРИ яратиш ва реестрни юритиш,L=100115 Тошкент ш. Чилонзор тумани Муқимий кўчаси 166-уй,E=info@yt.uz,C=UZ', 'publicKey': {'keyAlgName': 'OZDST-1092-2009-2', 'publicKey': 'MGAwGQYJKoZcAw8BAQIBMAwGCiqGXAMPAQECAQEDQwAEQKmw1wAMqwoLAnSbN3vSqZjh5C2gmld+o3D4+j+2J8peP7eBC18HWtEdyBAHP9+nU/xES8HMloojzozIDO9ETbM='}, 'signature': {'signAlgName': 'OZDST-1106-2009-2-AwithOZDST-1092-2009-2', 'signature': '36f9d10719bd3fbe865e734ee443ab083aecae3402aad6e0f3994729ece5d098008048ea9cb6ce4888476e6a7283b0b2666b9279eb8706af98ee112ba64bdda7'}}, {'serialNumber': '258da73feee7a6b', 'subjectName': 'CN=NASRULLOYEV HAYOTJON XABIBULLOYEVICH,T=Директор,O=DUK YANGI TEXNOLOGIYALAR ILMIY-AXBOROT MARKAZI,OU=ЭРИ яратиш ва реестрни юритиш,L=100115 Тошкент ш. Чилонзор тумани Муқимий кўчаси 166-уй,E=info@yt.uz,C=UZ', 'validFrom': '2020.05.27 10:00:00', 'validTo': '2025.05.27 10:00:00', 'issuerName': 'C=UZ,OU=ERI kalitlarini ro‘yxatga olish organi (O‘ZDST 1092-2009-II),O=AT va kommunikatsiyalarini rivojlantirish vazirligi,CN=mitc.uz', 'publicKey': {'keyAlgName': 'OZDST-1092-2009-2', 'publicKey': 'MGAwGQYJKoZcAw8BAQIBMAwGCiqGXAMPAQECAQEDQwAEQHHkDinCquRK5NrYapbR3DSpE7+qqVJ7qDXM/dIApIgO+Yt750+46O1dwz1chTkZc7/ZezmxdtNNIJ2qwefbXr0='}, 'signature': {'signAlgName': 'OZDST-1106-2009-2-AwithOZDST-1092-2009-2', 'signature': '18a97f90bd924fe24d143fa94c6ff9efde1eded14abec7e179dfefeaf3243facca99b87371b70da784e9896a04471807db99af0be7c1cc0904aa61d6ca259f55'}}], 'verified': False, 'certificateVerified': True, 'trustedCertificate': {'serialNumber': '29ce182249b2d8e5207deb74086b4d6', 'subjectName': 'C=UZ,OU=ERI kalitlarini ro‘yxatga olish organi (O‘ZDST 1092-2009-II),O=AT va kommunikatsiyalarini rivojlantirish vazirligi,CN=mitc.uz', 'validFrom': '2020.03.25 18:30:02', 'validTo': '2035.03.25 18:30:02', 'issuerName': 'C=UZ,OU=ERI kalitlarini ro‘yxatga olish organi (O‘ZDST 1092-2009-II),O=AT va kommunikatsiyalarini rivojlantirish vazirligi,CN=mitc.uz', 'publicKey': {'keyAlgName': 'OZDST-1092-2009-2', 'publicKey': 'MGAwGQYJKoZcAw8BAQIBMAwGCiqGXAMPAQECAQEDQwAEQI+aPvRfngcv+/Nk1U+bIh/Yn2sxZqViQO47BFq6HQhtrco4AQA32fh+g8Y65J3ZtKRXRDy+0ax1kaRoEPpLREQ='}, 'signature': {'signAlgName': 'OZDST-1106-2009-2-AwithOZDST-1092-2009-2', 'signature': 'c1d2749535f70d2381e256431c1a3eee3e1d98160674a3d9c54cb7919297555c8649facd9ab8de0eebcfbfe5eb83fee778570e84a86e9786a71c824bdbc0918d'}}, 'certificateValidAtSigningTime': False, 'exception': 'ConnectionException: java.io.IOException: Server returned HTTP response code: 403 for URL: http://e-imzo.uz/cams/ocsp'}]}, 'success': True}
False
IKROMXO‘JAYEV MURODXO‘JA AXMET-O‘G‘LI
signature:36f9d10719bd3fbe865e734ee443ab083aecae3402aad6e0f3994729ece5d098008048ea9cb6ce4888476e6a7283b0b2666b9279eb8706af98ee112ba64bdda7           from: 2020.09.14 18:27:21
ID REPORT
DATA
VALIDATION TrueTrue True True True



{'point': 0.0, 'weight': 0.0, 'wear': 0.0, 'accept_wear': 0.0}
get_product_acc_cost
0.0
ID REPORT
DATA
VALIDATION TrueTrue True True True



{'point': 0.0, 'weight': 0.0, 'wear': 0.0, 'accept_wear': 0.0}
get_product_acc_cost
0.0
ID REPORT
DATA
VALIDATION TrueTrue True True True



{'point': 0.0, 'weight': 0.0, 'wear': 0.0, 'accept_wear': 0.0}
get_product_acc_cost
0.0
ID REPORT
DATA
VALIDATION TrueTrue True True True



{'point': 0.0, 'weight': 0.0, 'wear': 0.0, 'accept_wear': 0.0}
get_product_acc_cost
0.0
REPORT TYPE 0
get_product_acc_cost
0.0
ID REPORT
DATA
VALIDATION TrueTrue True True True



{'point': 0.0, 'weight': 0.0, 'wear': 0.0, 'accept_wear': 0.0}
get_product_acc_cost
0.0
DATA
REPORT TYPE 3
http://e-otsenka.uz/media/uploads/2021/07/27/disposable_1627386828.894431_10.pdf
http://e-otsenka.uz/media/u1910251_q1__1_.jpg
http://e-otsenka.uz/media/u1910251_q1.jpg
ID REPORT
DATA
VALIDATION TrueTrue True True True



{'point': 0.0, 'weight': 0.0, 'wear': 0.0, 'accept_wear': 0.0}
get_product_acc_cost
0.0
REPORT TYPE 0
get_product_acc_cost
0.0
http://e-otsenka.uz/media/u1910251_q3.jpg
DATA
REPORT TYPE 3
REPORT TYPE 3
REPORT TYPE 3
REPORT TYPE 3
REPORT TYPE 3
REPORT TYPE 3
REPORT TYPE 3
REPORT TYPE 3
DATA
asdsasad
0
DATA
asdsasad
0
DATA
asdsasad
0
DATA
asdsasad
0
DATA
DATA
DATA
asdsasad
0
DATA
DATA
REPORT TYPE 3
DATA
DATA
ID REPORT
DATA
VALIDATION TrueTrue True True True






{'point': 0, 'weight': 0, 'wear': 0, 'accept_wear': 0}
get_product_acc_cost
0
DATA
asdsasad
0
DATA
asdsasad
0
DATA
DATA
REPORT TYPE 3
DATA
http://e-otsenka.uz/media/uploads/2021/07/27/disposable_1627387708.502507_15.pdf
DATA
DATA
DATA
DATA
DATA
DATA
DATA
DATA
DATA
asdsasad
0
DATA
asdsasad
0
DATA
asdsasad
0
DATA
asdsasad
0
DATA
asdsasad
0
DATA
asdsasad
0
DATA
asdsasad
0
DATA
DATA
DATA
DATA
DATA
DATA
DATA
DATA
DATA
DATA
DATA
DATA
DATA
DATA
DATA
DATA
DATA
asdsasad
0
DATA
DATA
REPORT TYPE 0
get_product_acc_cost
REPORT TYPE 3
REPORT ID : 
PKCS7 : 
<?xml version="1.0" ?><S:Envelope xmlns:S="http://schemas.xmlsoap.org/soap/envelope/"><S:Body><ns2:verifyPkcs7Response xmlns:ns2="http://v1.pkcs7.plugin.server.dsv.eimzo.yt.uz/"><return>{
  "pkcs7Info": {
    "signers": [
      {
        "signerId": {
          "issuer": "CN=NASRULLOYEV HAYOTJON XABIBULLOYEVICH,T=Директор,O=DUK YANGI TEXNOLOGIYALAR ILMIY-AXBOROT MARKAZI,OU=ЭРИ яратиш ва реестрни юритиш,L=100115 Тошкент ш. Чилонзор тумани Муқимий кўчаси 166-уй,E=info@yt.uz,C=UZ",
          "subjectSerialNumber": "778137f9"
        },
        "signingTime": "2021.07.27 18:54:29",
        "signature": "5610f5bec9a0ffdcf876b5d4b0b5e2c1ef39327059a3a65379cc671bdb6def028919db0a482c58ca92210a48bfc8e408c8158d59cfbb75abdf72dd849690a218",
        "digest": "b9b386eb8c178c262414b674400d1f0deb5fbe366c9eef0f3064fb9e63b87f7a",
        "certificate": [
          {
            "serialNumber": "778137f9",
            "subjectName": "CN=IKROMXO‘JAYEV MURODXO‘JA AXMET-O‘G‘LI,Name=MURODXO‘JA,SURNAME=IKROMXO‘JAYEV,L=ЮНУСАБАДСКИЙ РАЙОН,ST=ГОРОД ТАШКЕНТ,C=UZ,UID=543135673,1.2.860.3.16.1.2=31401966520023",
            "validFrom": "2020.09.14 18:27:21",
            "validTo": "2022.09.15 00:59:59",
            "issuerName": "CN=NASRULLOYEV HAYOTJON XABIBULLOYEVICH,T=Директор,O=DUK YANGI TEXNOLOGIYALAR ILMIY-AXBOROT MARKAZI,OU=ЭРИ яратиш ва реестрни юритиш,L=100115 Тошкент ш. Чилонзор тумани Муқимий кўчаси 166-уй,E=info@yt.uz,C=UZ",
            "publicKey": {
              "keyAlgName": "OZDST-1092-2009-2",
              "publicKey": "MGAwGQYJKoZcAw8BAQIBMAwGCiqGXAMPAQECAQEDQwAEQKmw1wAMqwoLAnSbN3vSqZjh5C2gmld+o3D4+j+2J8peP7eBC18HWtEdyBAHP9+nU/xES8HMloojzozIDO9ETbM="
            },
            "signature": {
              "signAlgName": "OZDST-1106-2009-2-AwithOZDST-1092-2009-2",
              "signature": "36f9d10719bd3fbe865e734ee443ab083aecae3402aad6e0f3994729ece5d098008048ea9cb6ce4888476e6a7283b0b2666b9279eb8706af98ee112ba64bdda7"
            }
          },
          {
            "serialNumber": "258da73feee7a6b",
            "subjectName": "CN=NASRULLOYEV HAYOTJON XABIBULLOYEVICH,T=Директор,O=DUK YANGI TEXNOLOGIYALAR ILMIY-AXBOROT MARKAZI,OU=ЭРИ яратиш ва реестрни юритиш,L=100115 Тошкент ш. Чилонзор тумани Муқимий кўчаси 166-уй,E=info@yt.uz,C=UZ",
            "validFrom": "2020.05.27 10:00:00",
            "validTo": "2025.05.27 10:00:00",
            "issuerName": "C=UZ,OU=ERI kalitlarini ro‘yxatga olish organi (O‘ZDST 1092-2009-II),O=AT va kommunikatsiyalarini rivojlantirish vazirligi,CN=mitc.uz",
            "publicKey": {
              "keyAlgName": "OZDST-1092-2009-2",
              "publicKey": "MGAwGQYJKoZcAw8BAQIBMAwGCiqGXAMPAQECAQEDQwAEQHHkDinCquRK5NrYapbR3DSpE7+qqVJ7qDXM/dIApIgO+Yt750+46O1dwz1chTkZc7/ZezmxdtNNIJ2qwefbXr0="
            },
            "signature": {
              "signAlgName": "OZDST-1106-2009-2-AwithOZDST-1092-2009-2",
              "signature": "18a97f90bd924fe24d143fa94c6ff9efde1eded14abec7e179dfefeaf3243facca99b87371b70da784e9896a04471807db99af0be7c1cc0904aa61d6ca259f55"
            }
          }
        ],
        "verified": false,
        "certificateVerified": true,
        "trustedCertificate": {
          "serialNumber": "29ce182249b2d8e5207deb74086b4d6",
          "subjectName": "C=UZ,OU=ERI kalitlarini ro‘yxatga olish organi (O‘ZDST 1092-2009-II),O=AT va kommunikatsiyalarini rivojlantirish vazirligi,CN=mitc.uz",
          "validFrom": "2020.03.25 18:30:02",
          "validTo": "2035.03.25 18:30:02",
          "issuerName": "C=UZ,OU=ERI kalitlarini ro‘yxatga olish organi (O‘ZDST 1092-2009-II),O=AT va kommunikatsiyalarini rivojlantirish vazirligi,CN=mitc.uz",
          "publicKey": {
            "keyAlgName": "OZDST-1092-2009-2",
            "publicKey": "MGAwGQYJKoZcAw8BAQIBMAwGCiqGXAMPAQECAQEDQwAEQI+aPvRfngcv+/Nk1U+bIh/Yn2sxZqViQO47BFq6HQhtrco4AQA32fh+g8Y65J3ZtKRXRDy+0ax1kaRoEPpLREQ="
          },
          "signature": {
            "signAlgName": "OZDST-1106-2009-2-AwithOZDST-1092-2009-2",
            "signature": "c1d2749535f70d2381e256431c1a3eee3e1d98160674a3d9c54cb7919297555c8649facd9ab8de0eebcfbfe5eb83fee778570e84a86e9786a71c824bdbc0918d"
          }
        },
        "certificateValidAtSigningTime": false,
        "exception": "ConnectionException: java.io.IOException: Server returned HTTP response code: 403 for URL: http://e-imzo.uz/cams/ocsp"
      }
    ]
  },
  "success": true
}</return></ns2:verifyPkcs7Response></S:Body></S:Envelope>
{
  "pkcs7Info": {
    "signers": [
      {
        "signerId": {
          "issuer": "CN=NASRULLOYEV HAYOTJON XABIBULLOYEVICH,T=Директор,O=DUK YANGI TEXNOLOGIYALAR ILMIY-AXBOROT MARKAZI,OU=ЭРИ яратиш ва реестрни юритиш,L=100115 Тошкент ш. Чилонзор тумани Муқимий кўчаси 166-уй,E=info@yt.uz,C=UZ",
          "subjectSerialNumber": "778137f9"
        },
        "signingTime": "2021.07.27 18:54:29",
        "signature": "5610f5bec9a0ffdcf876b5d4b0b5e2c1ef39327059a3a65379cc671bdb6def028919db0a482c58ca92210a48bfc8e408c8158d59cfbb75abdf72dd849690a218",
        "digest": "b9b386eb8c178c262414b674400d1f0deb5fbe366c9eef0f3064fb9e63b87f7a",
        "certificate": [
          {
            "serialNumber": "778137f9",
            "subjectName": "CN=IKROMXO‘JAYEV MURODXO‘JA AXMET-O‘G‘LI,Name=MURODXO‘JA,SURNAME=IKROMXO‘JAYEV,L=ЮНУСАБАДСКИЙ РАЙОН,ST=ГОРОД ТАШКЕНТ,C=UZ,UID=543135673,1.2.860.3.16.1.2=31401966520023",
            "validFrom": "2020.09.14 18:27:21",
            "validTo": "2022.09.15 00:59:59",
            "issuerName": "CN=NASRULLOYEV HAYOTJON XABIBULLOYEVICH,T=Директор,O=DUK YANGI TEXNOLOGIYALAR ILMIY-AXBOROT MARKAZI,OU=ЭРИ яратиш ва реестрни юритиш,L=100115 Тошкент ш. Чилонзор тумани Муқимий кўчаси 166-уй,E=info@yt.uz,C=UZ",
            "publicKey": {
              "keyAlgName": "OZDST-1092-2009-2",
              "publicKey": "MGAwGQYJKoZcAw8BAQIBMAwGCiqGXAMPAQECAQEDQwAEQKmw1wAMqwoLAnSbN3vSqZjh5C2gmld+o3D4+j+2J8peP7eBC18HWtEdyBAHP9+nU/xES8HMloojzozIDO9ETbM="
            },
            "signature": {
              "signAlgName": "OZDST-1106-2009-2-AwithOZDST-1092-2009-2",
              "signature": "36f9d10719bd3fbe865e734ee443ab083aecae3402aad6e0f3994729ece5d098008048ea9cb6ce4888476e6a7283b0b2666b9279eb8706af98ee112ba64bdda7"
            }
          },
          {
            "serialNumber": "258da73feee7a6b",
            "subjectName": "CN=NASRULLOYEV HAYOTJON XABIBULLOYEVICH,T=Директор,O=DUK YANGI TEXNOLOGIYALAR ILMIY-AXBOROT MARKAZI,OU=ЭРИ яратиш ва реестрни юритиш,L=100115 Тошкент ш. Чилонзор тумани Муқимий кўчаси 166-уй,E=info@yt.uz,C=UZ",
            "validFrom": "2020.05.27 10:00:00",
            "validTo": "2025.05.27 10:00:00",
            "issuerName": "C=UZ,OU=ERI kalitlarini ro‘yxatga olish organi (O‘ZDST 1092-2009-II),O=AT va kommunikatsiyalarini rivojlantirish vazirligi,CN=mitc.uz",
            "publicKey": {
              "keyAlgName": "OZDST-1092-2009-2",
              "publicKey": "MGAwGQYJKoZcAw8BAQIBMAwGCiqGXAMPAQECAQEDQwAEQHHkDinCquRK5NrYapbR3DSpE7+qqVJ7qDXM/dIApIgO+Yt750+46O1dwz1chTkZc7/ZezmxdtNNIJ2qwefbXr0="
            },
            "signature": {
              "signAlgName": "OZDST-1106-2009-2-AwithOZDST-1092-2009-2",
              "signature": "18a97f90bd924fe24d143fa94c6ff9efde1eded14abec7e179dfefeaf3243facca99b87371b70da784e9896a04471807db99af0be7c1cc0904aa61d6ca259f55"
            }
          }
        ],
        "verified": false,
        "certificateVerified": true,
        "trustedCertificate": {
          "serialNumber": "29ce182249b2d8e5207deb74086b4d6",
          "subjectName": "C=UZ,OU=ERI kalitlarini ro‘yxatga olish organi (O‘ZDST 1092-2009-II),O=AT va kommunikatsiyalarini rivojlantirish vazirligi,CN=mitc.uz",
          "validFrom": "2020.03.25 18:30:02",
          "validTo": "2035.03.25 18:30:02",
          "issuerName": "C=UZ,OU=ERI kalitlarini ro‘yxatga olish organi (O‘ZDST 1092-2009-II),O=AT va kommunikatsiyalarini rivojlantirish vazirligi,CN=mitc.uz",
          "publicKey": {
            "keyAlgName": "OZDST-1092-2009-2",
            "publicKey": "MGAwGQYJKoZcAw8BAQIBMAwGCiqGXAMPAQECAQEDQwAEQI+aPvRfngcv+/Nk1U+bIh/Yn2sxZqViQO47BFq6HQhtrco4AQA32fh+g8Y65J3ZtKRXRDy+0ax1kaRoEPpLREQ="
          },
          "signature": {
            "signAlgName": "OZDST-1106-2009-2-AwithOZDST-1092-2009-2",
            "signature": "c1d2749535f70d2381e256431c1a3eee3e1d98160674a3d9c54cb7919297555c8649facd9ab8de0eebcfbfe5eb83fee778570e84a86e9786a71c824bdbc0918d"
          }
        },
        "certificateValidAtSigningTime": false,
        "exception": "ConnectionException: java.io.IOException: Server returned HTTP response code: 403 for URL: http://e-imzo.uz/cams/ocsp"
      }
    ]
  },
  "success": true
}
{'pkcs7Info': {'signers': [{'signerId': {'issuer': 'CN=NASRULLOYEV HAYOTJON XABIBULLOYEVICH,T=Директор,O=DUK YANGI TEXNOLOGIYALAR ILMIY-AXBOROT MARKAZI,OU=ЭРИ яратиш ва реестрни юритиш,L=100115 Тошкент ш. Чилонзор тумани Муқимий кўчаси 166-уй,E=info@yt.uz,C=UZ', 'subjectSerialNumber': '778137f9'}, 'signingTime': '2021.07.27 18:54:29', 'signature': '5610f5bec9a0ffdcf876b5d4b0b5e2c1ef39327059a3a65379cc671bdb6def028919db0a482c58ca92210a48bfc8e408c8158d59cfbb75abdf72dd849690a218', 'digest': 'b9b386eb8c178c262414b674400d1f0deb5fbe366c9eef0f3064fb9e63b87f7a', 'certificate': [{'serialNumber': '778137f9', 'subjectName': 'CN=IKROMXO‘JAYEV MURODXO‘JA AXMET-O‘G‘LI,Name=MURODXO‘JA,SURNAME=IKROMXO‘JAYEV,L=ЮНУСАБАДСКИЙ РАЙОН,ST=ГОРОД ТАШКЕНТ,C=UZ,UID=543135673,1.2.860.3.16.1.2=31401966520023', 'validFrom': '2020.09.14 18:27:21', 'validTo': '2022.09.15 00:59:59', 'issuerName': 'CN=NASRULLOYEV HAYOTJON XABIBULLOYEVICH,T=Директор,O=DUK YANGI TEXNOLOGIYALAR ILMIY-AXBOROT MARKAZI,OU=ЭРИ яратиш ва реестрни юритиш,L=100115 Тошкент ш. Чилонзор тумани Муқимий кўчаси 166-уй,E=info@yt.uz,C=UZ', 'publicKey': {'keyAlgName': 'OZDST-1092-2009-2', 'publicKey': 'MGAwGQYJKoZcAw8BAQIBMAwGCiqGXAMPAQECAQEDQwAEQKmw1wAMqwoLAnSbN3vSqZjh5C2gmld+o3D4+j+2J8peP7eBC18HWtEdyBAHP9+nU/xES8HMloojzozIDO9ETbM='}, 'signature': {'signAlgName': 'OZDST-1106-2009-2-AwithOZDST-1092-2009-2', 'signature': '36f9d10719bd3fbe865e734ee443ab083aecae3402aad6e0f3994729ece5d098008048ea9cb6ce4888476e6a7283b0b2666b9279eb8706af98ee112ba64bdda7'}}, {'serialNumber': '258da73feee7a6b', 'subjectName': 'CN=NASRULLOYEV HAYOTJON XABIBULLOYEVICH,T=Директор,O=DUK YANGI TEXNOLOGIYALAR ILMIY-AXBOROT MARKAZI,OU=ЭРИ яратиш ва реестрни юритиш,L=100115 Тошкент ш. Чилонзор тумани Муқимий кўчаси 166-уй,E=info@yt.uz,C=UZ', 'validFrom': '2020.05.27 10:00:00', 'validTo': '2025.05.27 10:00:00', 'issuerName': 'C=UZ,OU=ERI kalitlarini ro‘yxatga olish organi (O‘ZDST 1092-2009-II),O=AT va kommunikatsiyalarini rivojlantirish vazirligi,CN=mitc.uz', 'publicKey': {'keyAlgName': 'OZDST-1092-2009-2', 'publicKey': 'MGAwGQYJKoZcAw8BAQIBMAwGCiqGXAMPAQECAQEDQwAEQHHkDinCquRK5NrYapbR3DSpE7+qqVJ7qDXM/dIApIgO+Yt750+46O1dwz1chTkZc7/ZezmxdtNNIJ2qwefbXr0='}, 'signature': {'signAlgName': 'OZDST-1106-2009-2-AwithOZDST-1092-2009-2', 'signature': '18a97f90bd924fe24d143fa94c6ff9efde1eded14abec7e179dfefeaf3243facca99b87371b70da784e9896a04471807db99af0be7c1cc0904aa61d6ca259f55'}}], 'verified': False, 'certificateVerified': True, 'trustedCertificate': {'serialNumber': '29ce182249b2d8e5207deb74086b4d6', 'subjectName': 'C=UZ,OU=ERI kalitlarini ro‘yxatga olish organi (O‘ZDST 1092-2009-II),O=AT va kommunikatsiyalarini rivojlantirish vazirligi,CN=mitc.uz', 'validFrom': '2020.03.25 18:30:02', 'validTo': '2035.03.25 18:30:02', 'issuerName': 'C=UZ,OU=ERI kalitlarini ro‘yxatga olish organi (O‘ZDST 1092-2009-II),O=AT va kommunikatsiyalarini rivojlantirish vazirligi,CN=mitc.uz', 'publicKey': {'keyAlgName': 'OZDST-1092-2009-2', 'publicKey': 'MGAwGQYJKoZcAw8BAQIBMAwGCiqGXAMPAQECAQEDQwAEQI+aPvRfngcv+/Nk1U+bIh/Yn2sxZqViQO47BFq6HQhtrco4AQA32fh+g8Y65J3ZtKRXRDy+0ax1kaRoEPpLREQ='}, 'signature': {'signAlgName': 'OZDST-1106-2009-2-AwithOZDST-1092-2009-2', 'signature': 'c1d2749535f70d2381e256431c1a3eee3e1d98160674a3d9c54cb7919297555c8649facd9ab8de0eebcfbfe5eb83fee778570e84a86e9786a71c824bdbc0918d'}}, 'certificateValidAtSigningTime': False, 'exception': 'ConnectionException: java.io.IOException: Server returned HTTP response code: 403 for URL: http://e-imzo.uz/cams/ocsp'}]}, 'success': True}
False
IKROMXO‘JAYEV MURODXO‘JA AXMET-O‘G‘LI
signature:36f9d10719bd3fbe865e734ee443ab083aecae3402aad6e0f3994729ece5d098008048ea9cb6ce4888476e6a7283b0b2666b9279eb8706af98ee112ba64bdda7           from: 2020.09.14 18:27:21
REPORT ID : 
PKCS7 : 
<?xml version="1.0" ?><S:Envelope xmlns:S="http://schemas.xmlsoap.org/soap/envelope/"><S:Body><ns2:verifyPkcs7Response xmlns:ns2="http://v1.pkcs7.plugin.server.dsv.eimzo.yt.uz/"><return>{
  "pkcs7Info": {
    "signers": [
      {
        "signerId": {
          "issuer": "CN=NASRULLOYEV HAYOTJON XABIBULLOYEVICH,T=Директор,O=DUK YANGI TEXNOLOGIYALAR ILMIY-AXBOROT MARKAZI,OU=ЭРИ яратиш ва реестрни юритиш,L=100115 Тошкент ш. Чилонзор тумани Муқимий кўчаси 166-уй,E=info@yt.uz,C=UZ",
          "subjectSerialNumber": "778137f9"
        },
        "signingTime": "2021.07.27 18:54:30",
        "signature": "ebdca8cb5902dda9e1bb51e049a63c8fa2017dd96c44f5ef4286ffa7408717227ba269e74ebe90598eb0e073fdf98d09e7bb3af33b36132f1f2c37369f401e27",
        "digest": "b9b386eb8c178c262414b674400d1f0deb5fbe366c9eef0f3064fb9e63b87f7a",
        "certificate": [
          {
            "serialNumber": "778137f9",
            "subjectName": "CN=IKROMXO‘JAYEV MURODXO‘JA AXMET-O‘G‘LI,Name=MURODXO‘JA,SURNAME=IKROMXO‘JAYEV,L=ЮНУСАБАДСКИЙ РАЙОН,ST=ГОРОД ТАШКЕНТ,C=UZ,UID=543135673,1.2.860.3.16.1.2=31401966520023",
            "validFrom": "2020.09.14 18:27:21",
            "validTo": "2022.09.15 00:59:59",
            "issuerName": "CN=NASRULLOYEV HAYOTJON XABIBULLOYEVICH,T=Директор,O=DUK YANGI TEXNOLOGIYALAR ILMIY-AXBOROT MARKAZI,OU=ЭРИ яратиш ва реестрни юритиш,L=100115 Тошкент ш. Чилонзор тумани Муқимий кўчаси 166-уй,E=info@yt.uz,C=UZ",
            "publicKey": {
              "keyAlgName": "OZDST-1092-2009-2",
              "publicKey": "MGAwGQYJKoZcAw8BAQIBMAwGCiqGXAMPAQECAQEDQwAEQKmw1wAMqwoLAnSbN3vSqZjh5C2gmld+o3D4+j+2J8peP7eBC18HWtEdyBAHP9+nU/xES8HMloojzozIDO9ETbM="
            },
            "signature": {
              "signAlgName": "OZDST-1106-2009-2-AwithOZDST-1092-2009-2",
              "signature": "36f9d10719bd3fbe865e734ee443ab083aecae3402aad6e0f3994729ece5d098008048ea9cb6ce4888476e6a7283b0b2666b9279eb8706af98ee112ba64bdda7"
            }
          },
          {
            "serialNumber": "258da73feee7a6b",
            "subjectName": "CN=NASRULLOYEV HAYOTJON XABIBULLOYEVICH,T=Директор,O=DUK YANGI TEXNOLOGIYALAR ILMIY-AXBOROT MARKAZI,OU=ЭРИ яратиш ва реестрни юритиш,L=100115 Тошкент ш. Чилонзор тумани Муқимий кўчаси 166-уй,E=info@yt.uz,C=UZ",
            "validFrom": "2020.05.27 10:00:00",
            "validTo": "2025.05.27 10:00:00",
            "issuerName": "C=UZ,OU=ERI kalitlarini ro‘yxatga olish organi (O‘ZDST 1092-2009-II),O=AT va kommunikatsiyalarini rivojlantirish vazirligi,CN=mitc.uz",
            "publicKey": {
              "keyAlgName": "OZDST-1092-2009-2",
              "publicKey": "MGAwGQYJKoZcAw8BAQIBMAwGCiqGXAMPAQECAQEDQwAEQHHkDinCquRK5NrYapbR3DSpE7+qqVJ7qDXM/dIApIgO+Yt750+46O1dwz1chTkZc7/ZezmxdtNNIJ2qwefbXr0="
            },
            "signature": {
              "signAlgName": "OZDST-1106-2009-2-AwithOZDST-1092-2009-2",
              "signature": "18a97f90bd924fe24d143fa94c6ff9efde1eded14abec7e179dfefeaf3243facca99b87371b70da784e9896a04471807db99af0be7c1cc0904aa61d6ca259f55"
            }
          }
        ],
        "verified": false,
        "certificateVerified": true,
        "trustedCertificate": {
          "serialNumber": "29ce182249b2d8e5207deb74086b4d6",
          "subjectName": "C=UZ,OU=ERI kalitlarini ro‘yxatga olish organi (O‘ZDST 1092-2009-II),O=AT va kommunikatsiyalarini rivojlantirish vazirligi,CN=mitc.uz",
          "validFrom": "2020.03.25 18:30:02",
          "validTo": "2035.03.25 18:30:02",
          "issuerName": "C=UZ,OU=ERI kalitlarini ro‘yxatga olish organi (O‘ZDST 1092-2009-II),O=AT va kommunikatsiyalarini rivojlantirish vazirligi,CN=mitc.uz",
          "publicKey": {
            "keyAlgName": "OZDST-1092-2009-2",
            "publicKey": "MGAwGQYJKoZcAw8BAQIBMAwGCiqGXAMPAQECAQEDQwAEQI+aPvRfngcv+/Nk1U+bIh/Yn2sxZqViQO47BFq6HQhtrco4AQA32fh+g8Y65J3ZtKRXRDy+0ax1kaRoEPpLREQ="
          },
          "signature": {
            "signAlgName": "OZDST-1106-2009-2-AwithOZDST-1092-2009-2",
            "signature": "c1d2749535f70d2381e256431c1a3eee3e1d98160674a3d9c54cb7919297555c8649facd9ab8de0eebcfbfe5eb83fee778570e84a86e9786a71c824bdbc0918d"
          }
        },
        "certificateValidAtSigningTime": false,
        "exception": "ConnectionException: java.io.IOException: Server returned HTTP response code: 403 for URL: http://e-imzo.uz/cams/ocsp"
      }
    ]
  },
  "success": true
}</return></ns2:verifyPkcs7Response></S:Body></S:Envelope>
{
  "pkcs7Info": {
    "signers": [
      {
        "signerId": {
          "issuer": "CN=NASRULLOYEV HAYOTJON XABIBULLOYEVICH,T=Директор,O=DUK YANGI TEXNOLOGIYALAR ILMIY-AXBOROT MARKAZI,OU=ЭРИ яратиш ва реестрни юритиш,L=100115 Тошкент ш. Чилонзор тумани Муқимий кўчаси 166-уй,E=info@yt.uz,C=UZ",
          "subjectSerialNumber": "778137f9"
        },
        "signingTime": "2021.07.27 18:54:30",
        "signature": "ebdca8cb5902dda9e1bb51e049a63c8fa2017dd96c44f5ef4286ffa7408717227ba269e74ebe90598eb0e073fdf98d09e7bb3af33b36132f1f2c37369f401e27",
        "digest": "b9b386eb8c178c262414b674400d1f0deb5fbe366c9eef0f3064fb9e63b87f7a",
        "certificate": [
          {
            "serialNumber": "778137f9",
            "subjectName": "CN=IKROMXO‘JAYEV MURODXO‘JA AXMET-O‘G‘LI,Name=MURODXO‘JA,SURNAME=IKROMXO‘JAYEV,L=ЮНУСАБАДСКИЙ РАЙОН,ST=ГОРОД ТАШКЕНТ,C=UZ,UID=543135673,1.2.860.3.16.1.2=31401966520023",
            "validFrom": "2020.09.14 18:27:21",
            "validTo": "2022.09.15 00:59:59",
            "issuerName": "CN=NASRULLOYEV HAYOTJON XABIBULLOYEVICH,T=Директор,O=DUK YANGI TEXNOLOGIYALAR ILMIY-AXBOROT MARKAZI,OU=ЭРИ яратиш ва реестрни юритиш,L=100115 Тошкент ш. Чилонзор тумани Муқимий кўчаси 166-уй,E=info@yt.uz,C=UZ",
            "publicKey": {
              "keyAlgName": "OZDST-1092-2009-2",
              "publicKey": "MGAwGQYJKoZcAw8BAQIBMAwGCiqGXAMPAQECAQEDQwAEQKmw1wAMqwoLAnSbN3vSqZjh5C2gmld+o3D4+j+2J8peP7eBC18HWtEdyBAHP9+nU/xES8HMloojzozIDO9ETbM="
            },
            "signature": {
              "signAlgName": "OZDST-1106-2009-2-AwithOZDST-1092-2009-2",
              "signature": "36f9d10719bd3fbe865e734ee443ab083aecae3402aad6e0f3994729ece5d098008048ea9cb6ce4888476e6a7283b0b2666b9279eb8706af98ee112ba64bdda7"
            }
          },
          {
            "serialNumber": "258da73feee7a6b",
            "subjectName": "CN=NASRULLOYEV HAYOTJON XABIBULLOYEVICH,T=Директор,O=DUK YANGI TEXNOLOGIYALAR ILMIY-AXBOROT MARKAZI,OU=ЭРИ яратиш ва реестрни юритиш,L=100115 Тошкент ш. Чилонзор тумани Муқимий кўчаси 166-уй,E=info@yt.uz,C=UZ",
            "validFrom": "2020.05.27 10:00:00",
            "validTo": "2025.05.27 10:00:00",
            "issuerName": "C=UZ,OU=ERI kalitlarini ro‘yxatga olish organi (O‘ZDST 1092-2009-II),O=AT va kommunikatsiyalarini rivojlantirish vazirligi,CN=mitc.uz",
            "publicKey": {
              "keyAlgName": "OZDST-1092-2009-2",
              "publicKey": "MGAwGQYJKoZcAw8BAQIBMAwGCiqGXAMPAQECAQEDQwAEQHHkDinCquRK5NrYapbR3DSpE7+qqVJ7qDXM/dIApIgO+Yt750+46O1dwz1chTkZc7/ZezmxdtNNIJ2qwefbXr0="
            },
            "signature": {
              "signAlgName": "OZDST-1106-2009-2-AwithOZDST-1092-2009-2",
              "signature": "18a97f90bd924fe24d143fa94c6ff9efde1eded14abec7e179dfefeaf3243facca99b87371b70da784e9896a04471807db99af0be7c1cc0904aa61d6ca259f55"
            }
          }
        ],
        "verified": false,
        "certificateVerified": true,
        "trustedCertificate": {
          "serialNumber": "29ce182249b2d8e5207deb74086b4d6",
          "subjectName": "C=UZ,OU=ERI kalitlarini ro‘yxatga olish organi (O‘ZDST 1092-2009-II),O=AT va kommunikatsiyalarini rivojlantirish vazirligi,CN=mitc.uz",
          "validFrom": "2020.03.25 18:30:02",
          "validTo": "2035.03.25 18:30:02",
          "issuerName": "C=UZ,OU=ERI kalitlarini ro‘yxatga olish organi (O‘ZDST 1092-2009-II),O=AT va kommunikatsiyalarini rivojlantirish vazirligi,CN=mitc.uz",
          "publicKey": {
            "keyAlgName": "OZDST-1092-2009-2",
            "publicKey": "MGAwGQYJKoZcAw8BAQIBMAwGCiqGXAMPAQECAQEDQwAEQI+aPvRfngcv+/Nk1U+bIh/Yn2sxZqViQO47BFq6HQhtrco4AQA32fh+g8Y65J3ZtKRXRDy+0ax1kaRoEPpLREQ="
          },
          "signature": {
            "signAlgName": "OZDST-1106-2009-2-AwithOZDST-1092-2009-2",
            "signature": "c1d2749535f70d2381e256431c1a3eee3e1d98160674a3d9c54cb7919297555c8649facd9ab8de0eebcfbfe5eb83fee778570e84a86e9786a71c824bdbc0918d"
          }
        },
        "certificateValidAtSigningTime": false,
        "exception": "ConnectionException: java.io.IOException: Server returned HTTP response code: 403 for URL: http://e-imzo.uz/cams/ocsp"
      }
    ]
  },
  "success": true
}
{'pkcs7Info': {'signers': [{'signerId': {'issuer': 'CN=NASRULLOYEV HAYOTJON XABIBULLOYEVICH,T=Директор,O=DUK YANGI TEXNOLOGIYALAR ILMIY-AXBOROT MARKAZI,OU=ЭРИ яратиш ва реестрни юритиш,L=100115 Тошкент ш. Чилонзор тумани Муқимий кўчаси 166-уй,E=info@yt.uz,C=UZ', 'subjectSerialNumber': '778137f9'}, 'signingTime': '2021.07.27 18:54:30', 'signature': 'ebdca8cb5902dda9e1bb51e049a63c8fa2017dd96c44f5ef4286ffa7408717227ba269e74ebe90598eb0e073fdf98d09e7bb3af33b36132f1f2c37369f401e27', 'digest': 'b9b386eb8c178c262414b674400d1f0deb5fbe366c9eef0f3064fb9e63b87f7a', 'certificate': [{'serialNumber': '778137f9', 'subjectName': 'CN=IKROMXO‘JAYEV MURODXO‘JA AXMET-O‘G‘LI,Name=MURODXO‘JA,SURNAME=IKROMXO‘JAYEV,L=ЮНУСАБАДСКИЙ РАЙОН,ST=ГОРОД ТАШКЕНТ,C=UZ,UID=543135673,1.2.860.3.16.1.2=31401966520023', 'validFrom': '2020.09.14 18:27:21', 'validTo': '2022.09.15 00:59:59', 'issuerName': 'CN=NASRULLOYEV HAYOTJON XABIBULLOYEVICH,T=Директор,O=DUK YANGI TEXNOLOGIYALAR ILMIY-AXBOROT MARKAZI,OU=ЭРИ яратиш ва реестрни юритиш,L=100115 Тошкент ш. Чилонзор тумани Муқимий кўчаси 166-уй,E=info@yt.uz,C=UZ', 'publicKey': {'keyAlgName': 'OZDST-1092-2009-2', 'publicKey': 'MGAwGQYJKoZcAw8BAQIBMAwGCiqGXAMPAQECAQEDQwAEQKmw1wAMqwoLAnSbN3vSqZjh5C2gmld+o3D4+j+2J8peP7eBC18HWtEdyBAHP9+nU/xES8HMloojzozIDO9ETbM='}, 'signature': {'signAlgName': 'OZDST-1106-2009-2-AwithOZDST-1092-2009-2', 'signature': '36f9d10719bd3fbe865e734ee443ab083aecae3402aad6e0f3994729ece5d098008048ea9cb6ce4888476e6a7283b0b2666b9279eb8706af98ee112ba64bdda7'}}, {'serialNumber': '258da73feee7a6b', 'subjectName': 'CN=NASRULLOYEV HAYOTJON XABIBULLOYEVICH,T=Директор,O=DUK YANGI TEXNOLOGIYALAR ILMIY-AXBOROT MARKAZI,OU=ЭРИ яратиш ва реестрни юритиш,L=100115 Тошкент ш. Чилонзор тумани Муқимий кўчаси 166-уй,E=info@yt.uz,C=UZ', 'validFrom': '2020.05.27 10:00:00', 'validTo': '2025.05.27 10:00:00', 'issuerName': 'C=UZ,OU=ERI kalitlarini ro‘yxatga olish organi (O‘ZDST 1092-2009-II),O=AT va kommunikatsiyalarini rivojlantirish vazirligi,CN=mitc.uz', 'publicKey': {'keyAlgName': 'OZDST-1092-2009-2', 'publicKey': 'MGAwGQYJKoZcAw8BAQIBMAwGCiqGXAMPAQECAQEDQwAEQHHkDinCquRK5NrYapbR3DSpE7+qqVJ7qDXM/dIApIgO+Yt750+46O1dwz1chTkZc7/ZezmxdtNNIJ2qwefbXr0='}, 'signature': {'signAlgName': 'OZDST-1106-2009-2-AwithOZDST-1092-2009-2', 'signature': '18a97f90bd924fe24d143fa94c6ff9efde1eded14abec7e179dfefeaf3243facca99b87371b70da784e9896a04471807db99af0be7c1cc0904aa61d6ca259f55'}}], 'verified': False, 'certificateVerified': True, 'trustedCertificate': {'serialNumber': '29ce182249b2d8e5207deb74086b4d6', 'subjectName': 'C=UZ,OU=ERI kalitlarini ro‘yxatga olish organi (O‘ZDST 1092-2009-II),O=AT va kommunikatsiyalarini rivojlantirish vazirligi,CN=mitc.uz', 'validFrom': '2020.03.25 18:30:02', 'validTo': '2035.03.25 18:30:02', 'issuerName': 'C=UZ,OU=ERI kalitlarini ro‘yxatga olish organi (O‘ZDST 1092-2009-II),O=AT va kommunikatsiyalarini rivojlantirish vazirligi,CN=mitc.uz', 'publicKey': {'keyAlgName': 'OZDST-1092-2009-2', 'publicKey': 'MGAwGQYJKoZcAw8BAQIBMAwGCiqGXAMPAQECAQEDQwAEQI+aPvRfngcv+/Nk1U+bIh/Yn2sxZqViQO47BFq6HQhtrco4AQA32fh+g8Y65J3ZtKRXRDy+0ax1kaRoEPpLREQ='}, 'signature': {'signAlgName': 'OZDST-1106-2009-2-AwithOZDST-1092-2009-2', 'signature': 'c1d2749535f70d2381e256431c1a3eee3e1d98160674a3d9c54cb7919297555c8649facd9ab8de0eebcfbfe5eb83fee778570e84a86e9786a71c824bdbc0918d'}}, 'certificateValidAtSigningTime': False, 'exception': 'ConnectionException: java.io.IOException: Server returned HTTP response code: 403 for URL: http://e-imzo.uz/cams/ocsp'}]}, 'success': True}
True
IKROMXO‘JAYEV MURODXO‘JA AXMET-O‘G‘LI
signature:36f9d10719bd3fbe865e734ee443ab083aecae3402aad6e0f3994729ece5d098008048ea9cb6ce4888476e6a7283b0b2666b9279eb8706af98ee112ba64bdda7           from: 2020.09.14 18:27:21
REPORT TYPE 3
DATA
DATA
REPORT TYPE 3
DATA
REPORT TYPE 3
